<?xml version="1.0" encoding="UTF-8"?>
<testng-results ignored="0" total="1" passed="1" failed="0" skipped="0">
  <reporter-output>
  </reporter-output>
  <suite started-at="2022-09-15T22:42:43 IST" name="Surefire suite" finished-at="2022-09-15T22:43:04 IST" duration-ms="21211">
    <groups>
    </groups>
    <test started-at="2022-09-15T22:42:43 IST" name="Surefire test" finished-at="2022-09-15T22:43:04 IST" duration-ms="21211">
      <class name="TnPHR.TnPHR_API.AppTest">
        <test-method signature="shouldAnswerWithTrue()" started-at="2022-09-15T22:43:04 IST" name="shouldAnswerWithTrue" finished-at="2022-09-15T22:43:04 IST" duration-ms="25" status="PASS">
          <reporter-output>
          </reporter-output>
        </test-method> <!-- shouldAnswerWithTrue -->
      </class> <!-- TnPHR.TnPHR_API.AppTest -->
    </test> <!-- Surefire test -->
  </suite> <!-- Surefire suite -->
</testng-results>
